<?xml version="1.0" encoding="UTF-8"?>
<!-- Generated by org.testng.reporters.JUnitReportReporter -->
<testsuite hostname="DESKTOP-KQQB62G" failures="0" tests="15" name="AutomationFinal.AutomationFinal.AppTest" time="1.052" errors="0" timestamp="2025-05-06T14:58:41 AST" skipped="14">
  <testcase classname="AutomationFinal.AutomationFinal.AppTest" name="Download" time="1.052"/>
  <testcase classname="AutomationFinal.AutomationFinal.AppTest" name="iframe">
    <skipped/>
  </testcase> <!-- iframe -->
  <testcase classname="AutomationFinal.AutomationFinal.AppTest" name="OpenTab">
    <skipped/>
  </testcase> <!-- OpenTab -->
  <testcase classname="AutomationFinal.AutomationFinal.AppTest" name="CalenderExamle">
    <skipped/>
  </testcase> <!-- CalenderExamle -->
  <testcase classname="AutomationFinal.AutomationFinal.AppTest" name="EnabledDissButton">
    <skipped/>
  </testcase> <!-- EnabledDissButton -->
  <testcase classname="AutomationFinal.AutomationFinal.AppTest" name="hiddeshow">
    <skipped/>
  </testcase> <!-- hiddeshow -->
  <testcase classname="AutomationFinal.AutomationFinal.AppTest" name="OpenWindow">
    <skipped/>
  </testcase> <!-- OpenWindow -->
  <testcase classname="AutomationFinal.AutomationFinal.AppTest" name="Checkbox">
    <skipped/>
  </testcase> <!-- Checkbox -->
  <testcase classname="AutomationFinal.AutomationFinal.AppTest" name="SelectTag">
    <skipped/>
  </testcase> <!-- SelectTag -->
  <testcase classname="AutomationFinal.AutomationFinal.AppTest" name="MouseHoverExample">
    <skipped/>
  </testcase> <!-- MouseHoverExample -->
  <testcase classname="AutomationFinal.AutomationFinal.AppTest" name="RadioButton">
    <skipped/>
  </testcase> <!-- RadioButton -->
  <testcase classname="AutomationFinal.AutomationFinal.AppTest" name="ConfirmExample">
    <skipped/>
  </testcase> <!-- ConfirmExample -->
  <testcase classname="AutomationFinal.AutomationFinal.AppTest" name="AlertExample">
    <skipped/>
  </testcase> <!-- AlertExample -->
  <testcase classname="AutomationFinal.AutomationFinal.AppTest" name="Table">
    <skipped/>
  </testcase> <!-- Table -->
  <testcase classname="AutomationFinal.AutomationFinal.AppTest" name="SelectCountries">
    <skipped/>
  </testcase> <!-- SelectCountries -->
</testsuite> <!-- AutomationFinal.AutomationFinal.AppTest -->
